0 info it worked if it ends with ok
1 verbose cli [ '/usr/local/bin/node',
1 verbose cli   '/usr/local/bin/npm',
1 verbose cli   'install',
1 verbose cli   '-g',
1 verbose cli   'http-server' ]
2 info using npm@2.15.9
3 info using node@v4.5.0
4 verbose install initial load of /usr/local/lib/package.json
5 verbose readDependencies loading dependencies from /usr/local/lib/package.json
6 silly cache add args [ 'http-server', null ]
7 verbose cache add spec http-server
8 silly cache add parsed spec Result {
8 silly cache add   raw: 'http-server',
8 silly cache add   scope: null,
8 silly cache add   name: 'http-server',
8 silly cache add   rawSpec: '',
8 silly cache add   spec: 'latest',
8 silly cache add   type: 'tag' }
9 silly addNamed http-server@latest
10 verbose addNamed "latest" is being treated as a dist-tag for http-server
11 info addNameTag [ 'http-server', 'latest' ]
12 silly mapToRegistry name http-server
13 silly mapToRegistry using default registry
14 silly mapToRegistry registry https://registry.npmjs.org/
15 silly mapToRegistry data Result {
15 silly mapToRegistry   raw: 'http-server',
15 silly mapToRegistry   scope: null,
15 silly mapToRegistry   name: 'http-server',
15 silly mapToRegistry   rawSpec: '',
15 silly mapToRegistry   spec: 'latest',
15 silly mapToRegistry   type: 'tag' }
16 silly mapToRegistry uri https://registry.npmjs.org/http-server
17 verbose addNameTag registry:https://registry.npmjs.org/http-server not in flight; fetching
18 verbose request uri https://registry.npmjs.org/http-server
19 verbose request no auth needed
20 info attempt registry request try #1 at 1:19:30 PM
21 verbose request using bearer token for auth
22 verbose request id 35dd684674041fd1
23 verbose etag "1PKGPNN9P3W7D2NASUAP4D2YR"
24 http request GET https://registry.npmjs.org/http-server
25 http 200 https://registry.npmjs.org/http-server
26 verbose headers { server: 'CouchDB/1.5.0 (Erlang OTP/R16B03)',
26 verbose headers   etag: '"7WT070UKHNE53KMGSTQ17HQP0"',
26 verbose headers   'content-type': 'application/json',
26 verbose headers   'content-encoding': 'gzip',
26 verbose headers   'cache-control': 'max-age=300',
26 verbose headers   'transfer-encoding': 'chunked',
26 verbose headers   'accept-ranges': 'bytes',
26 verbose headers   date: 'Thu, 29 Sep 2016 07:49:43 GMT',
26 verbose headers   via: '1.1 varnish',
26 verbose headers   connection: 'keep-alive',
26 verbose headers   'x-served-by': 'cache-lcy1132-LCY',
26 verbose headers   'x-cache': 'MISS',
26 verbose headers   'x-cache-hits': '0',
26 verbose headers   'x-timer': 'S1475135383.043311,VS0,VE111',
26 verbose headers   vary: 'Accept-Encoding' }
27 silly get cb [ 200,
27 silly get   { server: 'CouchDB/1.5.0 (Erlang OTP/R16B03)',
27 silly get     etag: '"7WT070UKHNE53KMGSTQ17HQP0"',
27 silly get     'content-type': 'application/json',
27 silly get     'content-encoding': 'gzip',
27 silly get     'cache-control': 'max-age=300',
27 silly get     'transfer-encoding': 'chunked',
27 silly get     'accept-ranges': 'bytes',
27 silly get     date: 'Thu, 29 Sep 2016 07:49:43 GMT',
27 silly get     via: '1.1 varnish',
27 silly get     connection: 'keep-alive',
27 silly get     'x-served-by': 'cache-lcy1132-LCY',
27 silly get     'x-cache': 'MISS',
27 silly get     'x-cache-hits': '0',
27 silly get     'x-timer': 'S1475135383.043311,VS0,VE111',
27 silly get     vary: 'Accept-Encoding' } ]
28 verbose get saving http-server to /Users/akashjain/.npm/registry.npmjs.org/http-server/.cache.json
29 verbose correctMkdir /Users/akashjain/.npm correctMkdir not in flight; initializing
30 silly addNameTag next cb for http-server with tag latest
31 silly addNamed http-server@0.9.0
32 verbose addNamed "0.9.0" is a plain semver version for http-server
33 silly cache afterAdd http-server@0.9.0
34 verbose afterAdd /Users/akashjain/.npm/http-server/0.9.0/package/package.json not in flight; writing
35 verbose correctMkdir /Users/akashjain/.npm correctMkdir not in flight; initializing
36 verbose afterAdd /Users/akashjain/.npm/http-server/0.9.0/package/package.json written
37 silly install resolved [ { name: 'http-server',
37 silly install resolved     version: '0.9.0',
37 silly install resolved     description: 'A simple zero-configuration command-line http server',
37 silly install resolved     main: './lib/http-server',
37 silly install resolved     repository:
37 silly install resolved      { type: 'git',
37 silly install resolved        url: 'git://github.com/indexzero/http-server.git' },
37 silly install resolved     keywords: [ 'cli', 'command' ],
37 silly install resolved     scripts:
37 silly install resolved      { start: 'node ./bin/http-server',
37 silly install resolved        pretest: 'common bin/http-server lib/ test',
37 silly install resolved        test: 'vows --spec --isolate' },
37 silly install resolved     contributors:
37 silly install resolved      [ [Object],
37 silly install resolved        [Object],
37 silly install resolved        [Object],
37 silly install resolved        [Object],
37 silly install resolved        [Object],
37 silly install resolved        [Object],
37 silly install resolved        [Object],
37 silly install resolved        [Object],
37 silly install resolved        [Object],
37 silly install resolved        [Object] ],
37 silly install resolved     dependencies:
37 silly install resolved      { colors: '1.0.3',
37 silly install resolved        corser: '~2.0.0',
37 silly install resolved        ecstatic: '^1.4.0',
37 silly install resolved        'http-proxy': '^1.8.1',
37 silly install resolved        opener: '~1.4.0',
37 silly install resolved        optimist: '0.6.x',
37 silly install resolved        portfinder: '0.4.x',
37 silly install resolved        union: '~0.4.3' },
37 silly install resolved     devDependencies: { 'common-style': '^3.0.0', request: '2.49.x', vows: '0.7.x' },
37 silly install resolved     bugs: { url: 'https://github.com/nodeapps/http-server/issues' },
37 silly install resolved     license: 'MIT',
37 silly install resolved     preferGlobal: 'true',
37 silly install resolved     bin: { 'http-server': './bin/http-server', hs: './bin/http-server' },
37 silly install resolved     gitHead: '1a8552c5e028bd5500027ee940111133927a4e94',
37 silly install resolved     homepage: 'https://github.com/indexzero/http-server#readme',
37 silly install resolved     _id: 'http-server@0.9.0',
37 silly install resolved     _shasum: '8f1b06bdc733618d4dc42831c7ba1aff4e06001a',
37 silly install resolved     _from: 'http-server@latest',
37 silly install resolved     _npmVersion: '3.7.1',
37 silly install resolved     _nodeVersion: '4.2.2',
37 silly install resolved     _npmUser: { name: 'indexzero', email: 'charlie.robbins@gmail.com' },
37 silly install resolved     maintainers: [ [Object] ],
37 silly install resolved     dist:
37 silly install resolved      { shasum: '8f1b06bdc733618d4dc42831c7ba1aff4e06001a',
37 silly install resolved        tarball: 'https://registry.npmjs.org/http-server/-/http-server-0.9.0.tgz' },
37 silly install resolved     _npmOperationalInternal:
37 silly install resolved      { host: 'packages-6-west.internal.npmjs.com',
37 silly install resolved        tmp: 'tmp/http-server-0.9.0.tgz_1455864708425_0.19514421350322664' },
37 silly install resolved     directories: {},
37 silly install resolved     _resolved: 'https://registry.npmjs.org/http-server/-/http-server-0.9.0.tgz',
37 silly install resolved     readme: 'ERROR: No README data found!' } ]
38 info install http-server@0.9.0 into /usr/local/lib
39 info installOne http-server@0.9.0
40 verbose installOne of http-server to /usr/local/lib not in flight; installing
41 verbose correctMkdir /Users/akashjain/.npm/_locks correctMkdir not in flight; initializing
42 verbose lock using /Users/akashjain/.npm/_locks/http-server-ae30c9ae1f4c5eaa.lock for /usr/local/lib/node_modules/http-server
43 silly install write writing http-server 0.9.0 to /usr/local/lib/node_modules/http-server
44 verbose unbuild lib/node_modules/http-server
45 silly gentlyRm /usr/local/lib/node_modules/http-server is being purged from base /usr/local
46 verbose gentlyRm don't care about contents; nuking /usr/local/lib/node_modules/http-server
47 verbose tar unpack /Users/akashjain/.npm/http-server/0.9.0/package.tgz
48 verbose tar unpacking to /usr/local/lib/node_modules/http-server
49 silly gentlyRm /usr/local/lib/node_modules/http-server is being purged
50 verbose gentlyRm don't care about contents; nuking /usr/local/lib/node_modules/http-server
51 silly gunzTarPerm modes [ '755', '644' ]
52 error tar.unpack untar error /Users/akashjain/.npm/http-server/0.9.0/package.tgz
53 verbose unlock done using /Users/akashjain/.npm/_locks/http-server-ae30c9ae1f4c5eaa.lock for /usr/local/lib/node_modules/http-server
54 verbose fstream_path /usr/local/lib/node_modules/http-server
55 verbose fstream_type Directory
56 verbose fstream_class DirWriter
57 verbose stack Error: EACCES: permission denied, mkdir '/usr/local/lib/node_modules/http-server'
57 verbose stack     at Error (native)
58 verbose fstream_stack /usr/local/lib/node_modules/npm/node_modules/fstream/lib/dir-writer.js:35:25
58 verbose fstream_stack /usr/local/lib/node_modules/npm/node_modules/mkdirp/index.js:47:53
58 verbose fstream_stack FSReqWrap.oncomplete (fs.js:82:15)
59 verbose cwd /Users/akashjain/Documents/questionaire/questionaire
60 error Darwin 15.5.0
61 error argv "/usr/local/bin/node" "/usr/local/bin/npm" "install" "-g" "http-server"
62 error node v4.5.0
63 error npm  v2.15.9
64 error path /usr/local/lib/node_modules/http-server
65 error code EACCES
66 error errno -13
67 error syscall mkdir
68 error Error: EACCES: permission denied, mkdir '/usr/local/lib/node_modules/http-server'
68 error     at Error (native)
68 error  { [Error: EACCES: permission denied, mkdir '/usr/local/lib/node_modules/http-server']
68 error   errno: -13,
68 error   code: 'EACCES',
68 error   syscall: 'mkdir',
68 error   path: '/usr/local/lib/node_modules/http-server',
68 error   fstream_type: 'Directory',
68 error   fstream_path: '/usr/local/lib/node_modules/http-server',
68 error   fstream_class: 'DirWriter',
68 error   fstream_stack:
68 error    [ '/usr/local/lib/node_modules/npm/node_modules/fstream/lib/dir-writer.js:35:25',
68 error      '/usr/local/lib/node_modules/npm/node_modules/mkdirp/index.js:47:53',
68 error      'FSReqWrap.oncomplete (fs.js:82:15)' ] }
69 error Please try running this command again as root/Administrator.
70 verbose exit [ -13, true ]
71 verbose unbuild lib/node_modules/http-server
72 silly gentlyRm /usr/local/lib/node_modules/http-server is being purged from base /usr/local
73 verbose gentlyRm don't care about contents; nuking /usr/local/lib/node_modules/http-server
